{
  "stats": {
    "suites": 1,
    "tests": 1,
    "passes": 1,
    "pending": 0,
    "failures": 0,
    "start": "2023-05-07T22:48:15.184Z",
    "end": "2023-05-07T22:48:26.455Z",
    "duration": 11271,
    "testsRegistered": 1,
    "passPercent": 100,
    "pendingPercent": 0,
    "other": 0,
    "hasOther": false,
    "skipped": 0,
    "hasSkipped": false
  },
  "results": [
    {
      "uuid": "90e0db2d-99cb-4d7c-bf89-dc5787bb37f2",
      "title": "",
      "fullFile": "cypress/e2e/3-site-beyonce/search-tour-beyonce.cy.js",
      "file": "cypress/e2e/3-site-beyonce/search-tour-beyonce.cy.js",
      "beforeHooks": [],
      "afterHooks": [],
      "tests": [],
      "suites": [
        {
          "uuid": "99c07773-dedb-46da-af60-560460587764",
          "title": "search tour beyonce",
          "fullFile": "",
          "file": "",
          "beforeHooks": [],
          "afterHooks": [],
          "tests": [
            {
              "title": "search tour beyonce",
              "fullTitle": "search tour beyonce search tour beyonce",
              "timedOut": null,
              "duration": 9512,
              "state": "passed",
              "speed": "medium",
              "pass": true,
              "fail": false,
              "pending": false,
              "context": null,
              "code": "cy.get(':nth-child(1) > .nav-link > .chakra-text').type('TOUR');\ncy.get('p').should('contain', 'Stockholm, SE');\ncy.get('.music-link > a').click();\ncy.get('.song_track-title__1T0B2').should('contain', 'Break My Soul');\ncy.get(':nth-child(11) > .song_container__KrGMa > .song_track-title__1T0B2').click();\ncy.get('.song_lyrics-and-credits-buttons__3nEpt').should('contain', 'Credits');\ncy.get('.song_lyrics-and-credits-buttons__3nEpt > p').click();\ncy.get('[data-modal-opened=\"true\"] > .song-modal_container__1Aluy > .song-modal_modal-footer__oCSeE > #close-button').click();\ncy.get('[href=\"https://beyonce.com/\"]').click();",
              "err": {},
              "uuid": "a0568257-a3bf-4c3b-92be-b1f012053ff8",
              "parentUUID": "99c07773-dedb-46da-af60-560460587764",
              "isHook": false,
              "skipped": false
            }
          ],
          "suites": [],
          "passes": [
            "a0568257-a3bf-4c3b-92be-b1f012053ff8"
          ],
          "failures": [],
          "pending": [],
          "skipped": [],
          "duration": 9512,
          "root": false,
          "rootEmpty": false,
          "_timeout": 2000
        }
      ],
      "passes": [],
      "failures": [],
      "pending": [],
      "skipped": [],
      "duration": 0,
      "root": true,
      "rootEmpty": true,
      "_timeout": 2000
    }
  ],
  "meta": {
    "mocha": {
      "version": "7.0.1"
    },
    "mochawesome": {
      "options": {
        "quiet": false,
        "reportFilename": "mochawesome",
        "saveHtml": true,
        "saveJson": true,
        "consoleReporter": "spec",
        "useInlineDiffs": false,
        "code": true
      },
      "version": "7.1.3"
    },
    "marge": {
      "options": null,
      "version": "6.2.0"
    }
  }
}